[23Sep2022 16:49:42.359] [Server thread/INFO] [net.minecraft.server.dedicated.DedicatedServer/]: [PoolloverNathan: Set own game mode to Spectator Mode]
[23Sep2022 16:49:43.291] [Server thread/INFO] [net.minecraft.server.dedicated.DedicatedServer/]: [PoolloverNathan: Set own game mode to Creative Mode]
[23Sep2022 16:56:30.958] [Server thread/INFO] [net.minecraft.server.dedicated.DedicatedServer/]: [PoolloverNathan: Set own game mode to Spectator Mode]
[23Sep2022 16:56:36.236] [Server thread/INFO] [net.minecraft.server.dedicated.DedicatedServer/]: [PoolloverNathan: Set own game mode to Creative Mode]
[23Sep2022 16:57:24.331] [Server thread/INFO] [net.minecraft.server.dedicated.DedicatedServer/]: [PoolloverNathan: Set own game mode to Spectator Mode]
[23Sep2022 16:57:24.853] [Server thread/INFO] [net.minecraft.server.dedicated.DedicatedServer/]: [PoolloverNathan: Set own game mode to Creative Mode]
[23Sep2022 16:59:48.558] [Server thread/INFO] [net.minecraft.server.dedicated.DedicatedServer/]: [PoolloverNathan: Set own game mode to Spectator Mode]
[23Sep2022 16:59:50.623] [Server thread/INFO] [net.minecraft.server.dedicated.DedicatedServer/]: [PoolloverNathan: Set own game mode to Creative Mode]
[23Sep2022 17:01:32.107] [Server thread/INFO] [net.minecraft.server.network.ServerGamePacketListenerImpl/]: PoolloverNathan lost connection: Disconnected
[23Sep2022 17:01:32.107] [Server thread/INFO] [net.minecraft.server.dedicated.DedicatedServer/]: PoolloverNathan left the game
[23Sep2022 17:29:06.396] [Server thread/INFO] [net.minecraft.server.MinecraftServer/]: Stopping server
[23Sep2022 17:29:06.401] [Server thread/INFO] [net.minecraft.server.MinecraftServer/]: Saving players
[23Sep2022 17:29:06.401] [Server thread/INFO] [net.minecraft.server.MinecraftServer/]: Saving worlds
[23Sep2022 17:29:08.343] [Server thread/INFO] [net.minecraft.server.MinecraftServer/]: Saving chunks for level 'ServerWorld minecraft:overworld world'/minecraft:overworld
[23Sep2022 17:29:08.439] [Server thread/INFO] [net.minecraft.server.MinecraftServer/]: Saving chunks for level 'ServerWorld minecraft:the_nether world'/minecraft:the_nether
[23Sep2022 17:29:08.444] [Server thread/INFO] [net.minecraft.server.MinecraftServer/]: Saving chunks for level 'ServerWorld immersive_portals:alternate4 world'/immersive_portals:alternate4
[23Sep2022 17:29:08.445] [Server thread/INFO] [net.minecraft.server.MinecraftServer/]: Saving chunks for level 'ServerWorld immersive_portals:alternate2 world'/immersive_portals:alternate2
[23Sep2022 17:29:08.446] [Server thread/INFO] [net.minecraft.server.MinecraftServer/]: Saving chunks for level 'ServerWorld immersive_portals:alternate1 world'/immersive_portals:alternate1
[23Sep2022 17:29:08.447] [Server thread/INFO] [net.minecraft.server.MinecraftServer/]: Saving chunks for level 'ServerWorld immersive_portals:alternate5 world'/immersive_portals:alternate5
[23Sep2022 17:29:08.450] [Server thread/INFO] [net.minecraft.server.MinecraftServer/]: Saving chunks for level 'ServerWorld minecraft:the_end world'/minecraft:the_end
[23Sep2022 17:29:08.451] [Server thread/INFO] [net.minecraft.server.MinecraftServer/]: Saving chunks for level 'ServerWorld ae2:spatial_storage world'/ae2:spatial_storage
[23Sep2022 17:29:08.453] [Server thread/INFO] [net.minecraft.server.MinecraftServer/]: Saving chunks for level 'ServerWorld immersive_portals:alternate3 world'/immersive_portals:alternate3
[23Sep2022 17:29:08.478] [Server thread/INFO] [net.minecraft.server.MinecraftServer/]: ThreadedAnvilChunkStorage (world): All chunks are saved
[23Sep2022 17:29:08.479] [Server thread/INFO] [net.minecraft.server.MinecraftServer/]: ThreadedAnvilChunkStorage (DIM-1): All chunks are saved
[23Sep2022 17:29:08.479] [Server thread/INFO] [net.minecraft.server.MinecraftServer/]: ThreadedAnvilChunkStorage (alternate4): All chunks are saved
[23Sep2022 17:29:08.480] [Server thread/INFO] [net.minecraft.server.MinecraftServer/]: ThreadedAnvilChunkStorage (alternate2): All chunks are saved
[23Sep2022 17:29:08.481] [Server thread/INFO] [net.minecraft.server.MinecraftServer/]: ThreadedAnvilChunkStorage (alternate1): All chunks are saved
[23Sep2022 17:29:08.481] [Server thread/INFO] [net.minecraft.server.MinecraftServer/]: ThreadedAnvilChunkStorage (alternate5): All chunks are saved
[23Sep2022 17:29:08.482] [Server thread/INFO] [net.minecraft.server.MinecraftServer/]: ThreadedAnvilChunkStorage (DIM1): All chunks are saved
[23Sep2022 17:29:08.482] [Server thread/INFO] [net.minecraft.server.MinecraftServer/]: ThreadedAnvilChunkStorage (spatial_storage): All chunks are saved
[23Sep2022 17:29:08.483] [Server thread/INFO] [net.minecraft.server.MinecraftServer/]: ThreadedAnvilChunkStorage (alternate3): All chunks are saved
[23Sep2022 17:29:08.483] [Server thread/INFO] [net.minecraft.server.MinecraftServer/]: ThreadedAnvilChunkStorage: All dimensions are saved
[23Sep2022 17:29:08.583] [Server thread/ERROR] [net.minecraft.server.MinecraftServer/]: Uncaught exception in server thread
java.lang.NullPointerException: Cannot invoke "net.minecraft.server.MinecraftServer.m_129785_()" because the return value of "qouteall.q_misc_util.MiscHelper.getServer()" is null
	at qouteall.imm_ptl.core.portal.global_portals.GlobalPortalStorage.lambda$init$2(GlobalPortalStorage.java:65) ~[immersive-portals-1.4.11-mc1.18.2-forge.jar%2346!/:1.4.11]
	at qouteall.q_misc_util.my_util.Signal.lambda$emit$0(Signal.java:18) ~[immersive-portals-1.4.11-mc1.18.2-forge.jar%2346!/:1.4.11]
	at java.util.ArrayList.forEach(ArrayList.java:1511) ~[?:?]
	at qouteall.q_misc_util.my_util.Signal.emit(Signal.java:18) ~[immersive-portals-1.4.11-mc1.18.2-forge.jar%2346!/:1.4.11]
	at net.minecraft.server.MinecraftServer.handler$zbk000$onServerClose(MinecraftServer.java:2962) ~[server-1.18.2-20220404.173914-srg.jar%2355!/:?]
	at net.minecraft.server.MinecraftServer.m_130011_(MinecraftServer.java:731) ~[server-1.18.2-20220404.173914-srg.jar%2355!/:?]
	at net.minecraft.server.MinecraftServer.m_177918_(MinecraftServer.java:261) ~[server-1.18.2-20220404.173914-srg.jar%2355!/:?]
	at java.lang.Thread.run(Thread.java:833) [?:?]
